-------------------------------------------------------------------------------
Test set: com.satchain.dao.ConstellationinfoMapperTest
-------------------------------------------------------------------------------
Tests run: 6, Failures: 0, Errors: 6, Skipped: 0, Time elapsed: 5.049 s <<< FAILURE! - in com.satchain.dao.ConstellationinfoMapperTest
insert(com.satchain.dao.ConstellationinfoMapperTest)  Time elapsed: 0.002 s  <<< ERROR!
java.lang.IllegalStateException: Failed to load ApplicationContext
Caused by: org.springframework.beans.factory.BeanCreationException: Error creating bean with name 'sqlSessionFactory' defined in class path resource [spring/spring-dao.xml]: Invocation of init method failed; nested exception is org.springframework.core.NestedIOException: Failed to parse mapping resource: 'file [D:\葛丽静相关资料\project\ssm\target\classes\com.xc.satchain.mappers\ContentinfoMapper.xml]'; nested exception is org.apache.ibatis.builder.BuilderException: Error parsing Mapper XML. Cause: java.lang.IllegalStateException: Type handler was null on parameter mapping for property 'taskContent'. It was either not specified and/or could not be found for the javaType (java.sql.Blob) : jdbcType (null) combination.
Caused by: org.springframework.core.NestedIOException: Failed to parse mapping resource: 'file [D:\葛丽静相关资料\project\ssm\target\classes\com.xc.satchain.mappers\ContentinfoMapper.xml]'; nested exception is org.apache.ibatis.builder.BuilderException: Error parsing Mapper XML. Cause: java.lang.IllegalStateException: Type handler was null on parameter mapping for property 'taskContent'. It was either not specified and/or could not be found for the javaType (java.sql.Blob) : jdbcType (null) combination.
Caused by: org.apache.ibatis.builder.BuilderException: Error parsing Mapper XML. Cause: java.lang.IllegalStateException: Type handler was null on parameter mapping for property 'taskContent'. It was either not specified and/or could not be found for the javaType (java.sql.Blob) : jdbcType (null) combination.
Caused by: java.lang.IllegalStateException: Type handler was null on parameter mapping for property 'taskContent'. It was either not specified and/or could not be found for the javaType (java.sql.Blob) : jdbcType (null) combination.

updateByIdSelective(com.satchain.dao.ConstellationinfoMapperTest)  Time elapsed: 0.001 s  <<< ERROR!
java.lang.IllegalStateException: Failed to load ApplicationContext
Caused by: org.springframework.beans.factory.BeanCreationException: Error creating bean with name 'sqlSessionFactory' defined in class path resource [spring/spring-dao.xml]: Invocation of init method failed; nested exception is org.springframework.core.NestedIOException: Failed to parse mapping resource: 'file [D:\葛丽静相关资料\project\ssm\target\classes\com.xc.satchain.mappers\ContentinfoMapper.xml]'; nested exception is org.apache.ibatis.builder.BuilderException: Error parsing Mapper XML. Cause: java.lang.IllegalStateException: Type handler was null on parameter mapping for property 'taskContent'. It was either not specified and/or could not be found for the javaType (java.sql.Blob) : jdbcType (null) combination.
Caused by: org.springframework.core.NestedIOException: Failed to parse mapping resource: 'file [D:\葛丽静相关资料\project\ssm\target\classes\com.xc.satchain.mappers\ContentinfoMapper.xml]'; nested exception is org.apache.ibatis.builder.BuilderException: Error parsing Mapper XML. Cause: java.lang.IllegalStateException: Type handler was null on parameter mapping for property 'taskContent'. It was either not specified and/or could not be found for the javaType (java.sql.Blob) : jdbcType (null) combination.
Caused by: org.apache.ibatis.builder.BuilderException: Error parsing Mapper XML. Cause: java.lang.IllegalStateException: Type handler was null on parameter mapping for property 'taskContent'. It was either not specified and/or could not be found for the javaType (java.sql.Blob) : jdbcType (null) combination.
Caused by: java.lang.IllegalStateException: Type handler was null on parameter mapping for property 'taskContent'. It was either not specified and/or could not be found for the javaType (java.sql.Blob) : jdbcType (null) combination.

insertSelective(com.satchain.dao.ConstellationinfoMapperTest)  Time elapsed: 0 s  <<< ERROR!
java.lang.IllegalStateException: Failed to load ApplicationContext
Caused by: org.springframework.beans.factory.BeanCreationException: Error creating bean with name 'sqlSessionFactory' defined in class path resource [spring/spring-dao.xml]: Invocation of init method failed; nested exception is org.springframework.core.NestedIOException: Failed to parse mapping resource: 'file [D:\葛丽静相关资料\project\ssm\target\classes\com.xc.satchain.mappers\ContentinfoMapper.xml]'; nested exception is org.apache.ibatis.builder.BuilderException: Error parsing Mapper XML. Cause: java.lang.IllegalStateException: Type handler was null on parameter mapping for property 'taskContent'. It was either not specified and/or could not be found for the javaType (java.sql.Blob) : jdbcType (null) combination.
Caused by: org.springframework.core.NestedIOException: Failed to parse mapping resource: 'file [D:\葛丽静相关资料\project\ssm\target\classes\com.xc.satchain.mappers\ContentinfoMapper.xml]'; nested exception is org.apache.ibatis.builder.BuilderException: Error parsing Mapper XML. Cause: java.lang.IllegalStateException: Type handler was null on parameter mapping for property 'taskContent'. It was either not specified and/or could not be found for the javaType (java.sql.Blob) : jdbcType (null) combination.
Caused by: org.apache.ibatis.builder.BuilderException: Error parsing Mapper XML. Cause: java.lang.IllegalStateException: Type handler was null on parameter mapping for property 'taskContent'. It was either not specified and/or could not be found for the javaType (java.sql.Blob) : jdbcType (null) combination.
Caused by: java.lang.IllegalStateException: Type handler was null on parameter mapping for property 'taskContent'. It was either not specified and/or could not be found for the javaType (java.sql.Blob) : jdbcType (null) combination.

deleteById(com.satchain.dao.ConstellationinfoMapperTest)  Time elapsed: 0 s  <<< ERROR!
java.lang.IllegalStateException: Failed to load ApplicationContext
Caused by: org.springframework.beans.factory.BeanCreationException: Error creating bean with name 'sqlSessionFactory' defined in class path resource [spring/spring-dao.xml]: Invocation of init method failed; nested exception is org.springframework.core.NestedIOException: Failed to parse mapping resource: 'file [D:\葛丽静相关资料\project\ssm\target\classes\com.xc.satchain.mappers\ContentinfoMapper.xml]'; nested exception is org.apache.ibatis.builder.BuilderException: Error parsing Mapper XML. Cause: java.lang.IllegalStateException: Type handler was null on parameter mapping for property 'taskContent'. It was either not specified and/or could not be found for the javaType (java.sql.Blob) : jdbcType (null) combination.
Caused by: org.springframework.core.NestedIOException: Failed to parse mapping resource: 'file [D:\葛丽静相关资料\project\ssm\target\classes\com.xc.satchain.mappers\ContentinfoMapper.xml]'; nested exception is org.apache.ibatis.builder.BuilderException: Error parsing Mapper XML. Cause: java.lang.IllegalStateException: Type handler was null on parameter mapping for property 'taskContent'. It was either not specified and/or could not be found for the javaType (java.sql.Blob) : jdbcType (null) combination.
Caused by: org.apache.ibatis.builder.BuilderException: Error parsing Mapper XML. Cause: java.lang.IllegalStateException: Type handler was null on parameter mapping for property 'taskContent'. It was either not specified and/or could not be found for the javaType (java.sql.Blob) : jdbcType (null) combination.
Caused by: java.lang.IllegalStateException: Type handler was null on parameter mapping for property 'taskContent'. It was either not specified and/or could not be found for the javaType (java.sql.Blob) : jdbcType (null) combination.

selectById(com.satchain.dao.ConstellationinfoMapperTest)  Time elapsed: 0 s  <<< ERROR!
java.lang.IllegalStateException: Failed to load ApplicationContext
Caused by: org.springframework.beans.factory.BeanCreationException: Error creating bean with name 'sqlSessionFactory' defined in class path resource [spring/spring-dao.xml]: Invocation of init method failed; nested exception is org.springframework.core.NestedIOException: Failed to parse mapping resource: 'file [D:\葛丽静相关资料\project\ssm\target\classes\com.xc.satchain.mappers\ContentinfoMapper.xml]'; nested exception is org.apache.ibatis.builder.BuilderException: Error parsing Mapper XML. Cause: java.lang.IllegalStateException: Type handler was null on parameter mapping for property 'taskContent'. It was either not specified and/or could not be found for the javaType (java.sql.Blob) : jdbcType (null) combination.
Caused by: org.springframework.core.NestedIOException: Failed to parse mapping resource: 'file [D:\葛丽静相关资料\project\ssm\target\classes\com.xc.satchain.mappers\ContentinfoMapper.xml]'; nested exception is org.apache.ibatis.builder.BuilderException: Error parsing Mapper XML. Cause: java.lang.IllegalStateException: Type handler was null on parameter mapping for property 'taskContent'. It was either not specified and/or could not be found for the javaType (java.sql.Blob) : jdbcType (null) combination.
Caused by: org.apache.ibatis.builder.BuilderException: Error parsing Mapper XML. Cause: java.lang.IllegalStateException: Type handler was null on parameter mapping for property 'taskContent'. It was either not specified and/or could not be found for the javaType (java.sql.Blob) : jdbcType (null) combination.
Caused by: java.lang.IllegalStateException: Type handler was null on parameter mapping for property 'taskContent'. It was either not specified and/or could not be found for the javaType (java.sql.Blob) : jdbcType (null) combination.

selectAll(com.satchain.dao.ConstellationinfoMapperTest)  Time elapsed: 0 s  <<< ERROR!
java.lang.IllegalStateException: Failed to load ApplicationContext
Caused by: org.springframework.beans.factory.BeanCreationException: Error creating bean with name 'sqlSessionFactory' defined in class path resource [spring/spring-dao.xml]: Invocation of init method failed; nested exception is org.springframework.core.NestedIOException: Failed to parse mapping resource: 'file [D:\葛丽静相关资料\project\ssm\target\classes\com.xc.satchain.mappers\ContentinfoMapper.xml]'; nested exception is org.apache.ibatis.builder.BuilderException: Error parsing Mapper XML. Cause: java.lang.IllegalStateException: Type handler was null on parameter mapping for property 'taskContent'. It was either not specified and/or could not be found for the javaType (java.sql.Blob) : jdbcType (null) combination.
Caused by: org.springframework.core.NestedIOException: Failed to parse mapping resource: 'file [D:\葛丽静相关资料\project\ssm\target\classes\com.xc.satchain.mappers\ContentinfoMapper.xml]'; nested exception is org.apache.ibatis.builder.BuilderException: Error parsing Mapper XML. Cause: java.lang.IllegalStateException: Type handler was null on parameter mapping for property 'taskContent'. It was either not specified and/or could not be found for the javaType (java.sql.Blob) : jdbcType (null) combination.
Caused by: org.apache.ibatis.builder.BuilderException: Error parsing Mapper XML. Cause: java.lang.IllegalStateException: Type handler was null on parameter mapping for property 'taskContent'. It was either not specified and/or could not be found for the javaType (java.sql.Blob) : jdbcType (null) combination.
Caused by: java.lang.IllegalStateException: Type handler was null on parameter mapping for property 'taskContent'. It was either not specified and/or could not be found for the javaType (java.sql.Blob) : jdbcType (null) combination.

